2025-12-16 13:21:16.527 [main] INFO  c.s.repository.DatabaseConnection - No default data found, will be initialized on first run
2025-12-16 13:21:16.528 [main] INFO  c.s.repository.DatabaseConnection - Database initialized successfully
2025-12-16 13:21:16.541 [main] INFO  com.study.service.BootstrapService - Initializing system...
2025-12-16 13:21:29.266 [main] INFO  c.s.repository.DatabaseConnection - No default data found, will be initialized on first run
2025-12-16 13:21:29.267 [main] INFO  c.s.repository.DatabaseConnection - Database initialized successfully
2025-12-16 13:21:29.485 [main] INFO  com.study.service.BootstrapService - Initializing system...
2025-12-16 13:21:34.213 [main] INFO  com.study.service.BootstrapService - Created role: USER
2025-12-16 13:21:40.816 [main] INFO  com.study.service.BootstrapService - Created admin user
2025-12-16 13:21:40.816 [main] INFO  com.study.service.BootstrapService - System initialized successfully
2025-12-16 13:21:40.816 [main] INFO  com.study.service.BootstrapService - Default admin user: admin / admin123
2025-12-16 13:21:57.107 [main] INFO  com.study.service.AuthService - User logged in: admin, permissions loaded: 17
2025-12-16 13:21:57.319 [main] INFO  com.study.service.AuthService - Audit: LOGIN - User - SUCCESS
2025-12-16 13:49:29.488 [main] INFO  c.s.repository.DatabaseConnection - Database initialized successfully
2025-12-16 13:49:29.531 [main] INFO  com.study.service.BootstrapService - Initializing system...
2025-12-16 13:49:29.761 [main] INFO  com.study.service.BootstrapService - System already initialized
2025-12-16 13:49:42.600 [main] INFO  com.study.service.AuthService - User logged in: admin, permissions loaded: 17
2025-12-16 13:49:42.829 [main] INFO  com.study.service.AuthService - Audit: LOGIN - User - SUCCESS
2025-12-16 15:51:28.418 [main] INFO  c.s.repository.DatabaseConnection - Database initialized successfully
2025-12-16 15:51:28.486 [main] INFO  com.study.service.BootstrapService - Initializing system...
2025-12-16 15:51:28.716 [main] INFO  com.study.service.BootstrapService - System already initialized
2025-12-16 15:51:41.990 [main] INFO  com.study.service.AuthService - User logged in: admin, permissions loaded: 17
2025-12-16 15:51:42.217 [main] INFO  com.study.service.AuthService - Audit: LOGIN - User - SUCCESS
2025-12-16 15:56:08.744 [main] INFO  c.s.repository.DatabaseConnection - Database initialized successfully
2025-12-16 15:56:08.791 [main] INFO  com.study.service.BootstrapService - Initializing system...
2025-12-16 15:56:09.025 [main] INFO  com.study.service.BootstrapService - System already initialized
2025-12-16 15:56:44.575 [main] INFO  com.study.service.AuthService - User logged in: admin, permissions loaded: 17
2025-12-16 15:56:44.805 [main] INFO  com.study.service.AuthService - Audit: LOGIN - User - SUCCESS
2025-12-16 15:57:24.658 [main] INFO  com.study.service.UserService - User created: test
2025-12-16 15:57:24.879 [main] INFO  com.study.service.UserService - Audit: CREATE_USER - User - SUCCESS
2025-12-16 15:57:44.568 [main] INFO  com.study.service.UserService - Audit: LIST_USERS - User - SUCCESS
2025-12-16 17:06:58.628 [main] INFO  c.s.repository.DatabaseConnection - Database initialized successfully
2025-12-16 17:06:58.678 [main] INFO  com.study.service.BootstrapService - Initializing system...
2025-12-16 17:06:58.906 [main] INFO  com.study.service.BootstrapService - System already initialized
2025-12-16 17:08:47.010 [main] INFO  c.s.repository.DatabaseConnection - Database initialized successfully
2025-12-16 17:08:47.054 [main] INFO  com.study.service.BootstrapService - Initializing system...
2025-12-16 17:08:47.295 [main] INFO  com.study.service.BootstrapService - System already initialized
2025-12-16 17:08:57.577 [main] INFO  com.study.service.AuthService - User logged in: admin, permissions loaded: 17
2025-12-16 17:08:57.809 [main] INFO  com.study.service.AuthService - Audit: LOGIN - User - SUCCESS
2025-12-16 17:12:29.961 [main] INFO  c.s.repository.DatabaseConnection - Database initialized successfully
2025-12-16 17:12:30.179 [main] INFO  com.study.service.BootstrapService - Initializing system...
2025-12-16 17:12:30.400 [main] INFO  com.study.service.BootstrapService - System already initialized
2025-12-16 17:15:58.765 [main] INFO  c.s.repository.DatabaseConnection - Database initialized successfully
2025-12-16 17:15:58.989 [main] INFO  com.study.service.BootstrapService - Initializing system...
2025-12-16 17:15:59.215 [main] INFO  com.study.service.BootstrapService - System already initialized
2025-12-16 17:16:07.259 [main] WARN  com.study.service.AuthService - Audit: LOGIN - User - FAILED: Invalid password
2025-12-16 17:16:16.581 [main] INFO  com.study.service.AuthService - User logged in: admin, permissions loaded: 17
2025-12-16 17:16:16.797 [main] INFO  com.study.service.AuthService - Audit: LOGIN - User - SUCCESS
2025-12-16 17:24:21.937 [main] INFO  c.s.repository.DatabaseConnection - Database initialized successfully
2025-12-16 17:24:21.987 [main] INFO  com.study.service.BootstrapService - Initializing system...
2025-12-16 17:24:22.216 [main] INFO  com.study.service.BootstrapService - System already initialized
2025-12-16 17:27:23.949 [main] INFO  com.study.service.AuthService - User logged in: admin, permissions loaded: 17
2025-12-16 17:27:24.171 [main] INFO  com.study.service.AuthService - Audit: LOGIN - User - SUCCESS
2025-12-16 18:07:36.444 [main] INFO  com.study.service.UserService - Audit: VIEW_USER - User - SUCCESS
2025-12-16 18:07:36.899 [main] INFO  com.study.service.UserService - Audit: VIEW_USER - User - SUCCESS
2025-12-16 18:08:01.290 [main] INFO  com.study.service.UserService - Audit: VIEW_USER - User - SUCCESS
2025-12-16 18:08:01.950 [main] INFO  com.study.service.UserService - Audit: VIEW_USER - User - SUCCESS
2025-12-16 18:14:49.592 [main] INFO  com.study.service.UserService - Audit: LIST_USERS - User - SUCCESS
2025-12-16 22:20:31.165 [main] INFO  c.s.repository.DatabaseConnection - Database initialized successfully
2025-12-16 22:20:31.396 [main] INFO  com.study.service.BootstrapService - Initializing system...
2025-12-16 22:20:31.624 [main] INFO  com.study.service.BootstrapService - System already initialized
2025-12-16 22:20:40.035 [main] INFO  com.study.service.AuthService - User logged in: admin, permissions loaded: 17
2025-12-16 22:20:40.263 [main] INFO  com.study.service.AuthService - Audit: LOGIN - User - SUCCESS
2025-12-16 22:37:35.041 [main] INFO  c.s.repository.DatabaseConnection - Database initialized successfully
2025-12-16 22:37:35.092 [main] INFO  com.study.service.BootstrapService - Initializing system...
2025-12-16 22:37:35.318 [main] INFO  com.study.service.BootstrapService - System already initialized
2025-12-16 22:37:43.500 [main] INFO  com.study.service.AuthService - User logged in: admin, permissions loaded: 17
2025-12-16 22:37:43.732 [main] INFO  com.study.service.AuthService - Audit: LOGIN - User - SUCCESS
2025-12-16 22:38:38.458 [main] INFO  com.study.service.UserService - User created: test
2025-12-16 22:38:38.681 [main] INFO  com.study.service.UserService - Audit: CREATE_USER - User - SUCCESS
2025-12-16 22:38:51.865 [main] INFO  com.study.service.UserService - Audit: VIEW_USER - User - SUCCESS
2025-12-16 22:38:52.298 [main] INFO  com.study.service.UserService - Audit: VIEW_USER - User - SUCCESS
2025-12-16 22:39:31.199 [main] INFO  com.study.service.AuthService - Audit: LOGOUT - User - SUCCESS
2025-12-16 22:39:31.199 [main] INFO  com.study.service.AuthService - User logged out: admin
2025-12-16 22:39:38.008 [main] INFO  com.study.service.AuthService - User logged in: test, permissions loaded: 0
2025-12-16 22:39:38.221 [main] INFO  com.study.service.AuthService - Audit: LOGIN - User - SUCCESS
2025-12-16 22:39:58.457 [main] WARN  com.study.service.UserService - User test attempted unauthorized action: CREATE_USER
2025-12-16 22:43:47.137 [main] INFO  com.study.service.AuthService - Password changed for user: test
2025-12-16 22:43:47.356 [main] INFO  com.study.service.AuthService - Audit: CHANGE_PASSWORD - User - SUCCESS
2025-12-16 22:43:54.128 [main] INFO  com.study.service.AuthService - Audit: LOGOUT - User - SUCCESS
2025-12-16 22:43:54.128 [main] INFO  com.study.service.AuthService - User logged out: test
2025-12-16 22:44:01.991 [main] WARN  com.study.service.AuthService - Audit: LOGIN - User - FAILED: Invalid password
2025-12-16 22:44:12.824 [main] INFO  com.study.service.AuthService - User logged in: test, permissions loaded: 0
2025-12-16 22:44:13.046 [main] INFO  com.study.service.AuthService - Audit: LOGIN - User - SUCCESS
2025-12-16 22:49:13.803 [main] WARN  com.study.service.UserService - User test attempted unauthorized action: LIST_USERS
2025-12-16 22:49:22.263 [main] INFO  com.study.service.AuthService - Audit: LOGOUT - User - SUCCESS
2025-12-16 22:49:22.263 [main] INFO  com.study.service.AuthService - User logged out: test
2025-12-16 22:49:29.293 [main] INFO  com.study.service.AuthService - User logged in: admin, permissions loaded: 17
2025-12-16 22:49:29.509 [main] INFO  com.study.service.AuthService - Audit: LOGIN - User - SUCCESS
2025-12-16 22:49:39.786 [main] INFO  com.study.service.UserService - Audit: LIST_USERS - User - SUCCESS
2025-12-16 22:49:50.400 [main] INFO  com.study.service.UserService - User deleted: test
2025-12-16 22:49:50.621 [main] INFO  com.study.service.UserService - Audit: DELETE_USER - User - SUCCESS
2025-12-16 22:50:41.753 [main] INFO  com.study.service.UserService - Audit: LIST_USERS - User - SUCCESS
2025-12-16 23:31:22.148 [main] INFO  c.s.repository.DatabaseConnection - Database initialized successfully
2025-12-16 23:31:22.194 [main] INFO  com.study.service.BootstrapService - Initializing system...
2025-12-16 23:31:22.431 [main] INFO  com.study.service.BootstrapService - System already initialized
2025-12-16 23:32:28.506 [main] INFO  com.study.service.AuthService - User logged in: admin, permissions loaded: 17
2025-12-16 23:32:53.990 [main] INFO  com.study.service.UserService - User created: test
2025-12-16 23:58:27.502 [main] INFO  c.s.repository.DatabaseConnection - Database initialized successfully
2025-12-16 23:58:27.554 [main] INFO  com.study.service.BootstrapService - Initializing system...
2025-12-16 23:58:27.794 [main] INFO  com.study.service.BootstrapService - System already initialized
2025-12-16 23:58:37.431 [main] INFO  com.study.service.AuthService - User logged in: admin, permissions loaded: 17
